May-14 14:16:38.952 [main] DEBUG nextflow.cli.Launcher - $> nextflow run python-nextflow.nf -process.echo
May-14 14:16:39.005 [main] INFO  nextflow.cli.CmdRun - N E X T F L O W  ~  version 23.10.1
May-14 14:16:39.016 [main] DEBUG nextflow.plugin.PluginsFacade - Setting up plugin manager > mode=prod; embedded=false; plugins-dir=/Users/srikanth/.nextflow/plugins; core-plugins: nf-amazon@2.1.4,nf-azure@1.3.3,nf-cloudcache@0.3.0,nf-codecommit@0.1.5,nf-console@1.0.6,nf-ga4gh@1.1.0,nf-google@1.8.3,nf-tower@1.6.3,nf-wave@1.0.1
May-14 14:16:39.022 [main] INFO  o.pf4j.DefaultPluginStatusProvider - Enabled plugins: []
May-14 14:16:39.023 [main] INFO  o.pf4j.DefaultPluginStatusProvider - Disabled plugins: []
May-14 14:16:39.025 [main] INFO  org.pf4j.DefaultPluginManager - PF4J version 3.4.1 in 'deployment' mode
May-14 14:16:39.031 [main] INFO  org.pf4j.AbstractPluginManager - No plugins
May-14 14:16:39.071 [main] DEBUG nextflow.cli.CmdRun - Applied DSL=2 by global default
May-14 14:16:39.083 [main] INFO  nextflow.cli.CmdRun - Launching `python-nextflow.nf` [agitated_cantor] DSL2 - revision: d931748dee
May-14 14:16:39.084 [main] DEBUG nextflow.plugin.PluginsFacade - Plugins default=[]
May-14 14:16:39.084 [main] DEBUG nextflow.plugin.PluginsFacade - Plugins resolved requirement=[]
May-14 14:16:39.090 [main] DEBUG n.secret.LocalSecretsProvider - Secrets store: /Users/srikanth/.nextflow/secrets/store.json
May-14 14:16:39.094 [main] DEBUG nextflow.secret.SecretsLoader - Discovered secrets providers: [nextflow.secret.LocalSecretsProvider@6401d0a0] - activable => nextflow.secret.LocalSecretsProvider@6401d0a0
May-14 14:16:39.145 [main] DEBUG nextflow.Session - Session UUID: ba9c07c0-d5bd-433c-bab4-6168e1e08818
May-14 14:16:39.145 [main] DEBUG nextflow.Session - Run name: agitated_cantor
May-14 14:16:39.146 [main] DEBUG nextflow.Session - Executor pool size: 8
May-14 14:16:39.151 [main] DEBUG nextflow.file.FilePorter - File porter settings maxRetries=3; maxTransfers=50; pollTimeout=null
May-14 14:16:39.153 [main] DEBUG nextflow.util.ThreadPoolBuilder - Creating thread pool 'FileTransfer' minSize=10; maxSize=24; workQueue=LinkedBlockingQueue[10000]; allowCoreThreadTimeout=false
May-14 14:16:39.345 [main] DEBUG nextflow.cli.CmdRun - 
  Version: 23.10.1 build 5891
  Created: 12-01-2024 22:01 UTC (13-01-2024 03:31 IDT)
  System: Mac OS X 14.3.1
  Runtime: Groovy 3.0.19 on OpenJDK 64-Bit Server VM 11.0.13+7-b1751.21
  Encoding: UTF-8 (UTF-8)
  Process: 6812@Srikanths-MacBook-Air.local [127.0.0.1]
  CPUs: 8 - Mem: 8 GB (48.6 MB) - Swap: 2 GB (930 MB)
May-14 14:16:39.355 [main] DEBUG nextflow.Session - Work-dir: /Users/srikanth/data/scripts/nextflow/work [Mac OS X]
May-14 14:16:39.355 [main] DEBUG nextflow.Session - Script base path does not exist or is not a directory: /Users/srikanth/data/scripts/nextflow/bin
May-14 14:16:39.363 [main] DEBUG nextflow.executor.ExecutorFactory - Extension executors providers=[]
May-14 14:16:39.369 [main] DEBUG nextflow.Session - Observer factory: DefaultObserverFactory
May-14 14:16:39.379 [main] DEBUG nextflow.cache.CacheFactory - Using Nextflow cache factory: nextflow.cache.DefaultCacheFactory
May-14 14:16:39.385 [main] DEBUG nextflow.util.CustomThreadPool - Creating default thread pool > poolSize: 9; maxThreads: 1000
May-14 14:16:39.422 [main] DEBUG nextflow.Session - Session start
May-14 14:16:39.697 [main] DEBUG nextflow.script.ScriptRunner - > Launching execution
May-14 14:16:39.724 [main] DEBUG nextflow.executor.ExecutorFactory - << taskConfig executor: null
May-14 14:16:39.724 [main] DEBUG nextflow.executor.ExecutorFactory - >> processorType: 'local'
May-14 14:16:39.736 [main] DEBUG nextflow.executor.Executor - [warm up] executor > local
May-14 14:16:39.739 [main] DEBUG n.processor.LocalPollingMonitor - Creating local task monitor for executor 'local' > cpus=8; memory=8 GB; capacity=8; pollInterval=100ms; dumpInterval=5m
May-14 14:16:39.740 [main] DEBUG n.processor.TaskPollingMonitor - >>> barrier register (monitor: local)
May-14 14:16:39.811 [main] DEBUG nextflow.Session - Workflow process names [dsl2]: helloworld
May-14 14:16:39.811 [main] DEBUG nextflow.Session - Igniting dataflow network (1)
May-14 14:16:39.812 [main] DEBUG nextflow.processor.TaskProcessor - Starting process > helloworld
May-14 14:16:39.812 [main] DEBUG nextflow.script.ScriptRunner - Parsed script files:
  Script_5af46c7089017584: /Users/srikanth/data/scripts/nextflow/python-nextflow.nf
May-14 14:16:39.812 [main] DEBUG nextflow.script.ScriptRunner - > Awaiting termination 
May-14 14:16:39.812 [main] DEBUG nextflow.Session - Session await
May-14 14:16:39.887 [Task submitter] DEBUG n.executor.local.LocalTaskHandler - Launch cmd line: /bin/bash -ue .command.run
May-14 14:16:39.889 [Task submitter] INFO  nextflow.Session - [1d/48474b] Submitted process > helloworld
May-14 14:16:39.927 [Task monitor] DEBUG n.processor.TaskPollingMonitor - Task completed > TaskHandler[id: 1; name: helloworld; status: COMPLETED; exit: 0; error: -; workDir: /Users/srikanth/data/scripts/nextflow/work/1d/48474b959701b94d21453bd239a4e7]
May-14 14:16:39.940 [main] DEBUG nextflow.Session - Session await > all processes finished
May-14 14:16:40.029 [Task monitor] DEBUG n.processor.TaskPollingMonitor - <<< barrier arrives (monitor: local) - terminating tasks monitor poll loop
May-14 14:16:40.030 [main] DEBUG nextflow.Session - Session await > all barriers passed
May-14 14:16:40.039 [main] DEBUG n.trace.WorkflowStatsObserver - Workflow completed > WorkflowStats[succeededCount=1; failedCount=0; ignoredCount=0; cachedCount=0; pendingCount=0; submittedCount=0; runningCount=0; retriesCount=0; abortedCount=0; succeedDuration=1ms; failedDuration=0ms; cachedDuration=0ms;loadCpus=0; loadMemory=0; peakRunning=1; peakCpus=1; peakMemory=0; ]
May-14 14:16:40.075 [main] DEBUG nextflow.cache.CacheDB - Closing CacheDB done
May-14 14:16:40.084 [main] DEBUG nextflow.util.ThreadPoolManager - Thread pool 'FileTransfer' shutdown completed (hard=false)
May-14 14:16:40.084 [main] DEBUG nextflow.script.ScriptRunner - > Execution complete -- Goodbye
