May-14 17:21:46.240 [main] DEBUG nextflow.cli.Launcher - $> nextflow run script1.nf
May-14 17:21:46.282 [main] INFO  nextflow.cli.CmdRun - N E X T F L O W  ~  version 23.10.1
May-14 17:21:46.296 [main] DEBUG nextflow.plugin.PluginsFacade - Setting up plugin manager > mode=prod; embedded=false; plugins-dir=/Users/srikanth/.nextflow/plugins; core-plugins: nf-amazon@2.1.4,nf-azure@1.3.3,nf-cloudcache@0.3.0,nf-codecommit@0.1.5,nf-console@1.0.6,nf-ga4gh@1.1.0,nf-google@1.8.3,nf-tower@1.6.3,nf-wave@1.0.1
May-14 17:21:46.301 [main] INFO  o.pf4j.DefaultPluginStatusProvider - Enabled plugins: []
May-14 17:21:46.302 [main] INFO  o.pf4j.DefaultPluginStatusProvider - Disabled plugins: []
May-14 17:21:46.303 [main] INFO  org.pf4j.DefaultPluginManager - PF4J version 3.4.1 in 'deployment' mode
May-14 17:21:46.311 [main] INFO  org.pf4j.AbstractPluginManager - No plugins
May-14 17:21:46.360 [main] DEBUG nextflow.cli.CmdRun - Applied DSL=2 by global default
May-14 17:21:46.373 [main] INFO  nextflow.cli.CmdRun - Launching `script1.nf` [sick_descartes] DSL2 - revision: 7dc4619a32
May-14 17:21:46.373 [main] DEBUG nextflow.plugin.PluginsFacade - Plugins default=[]
May-14 17:21:46.373 [main] DEBUG nextflow.plugin.PluginsFacade - Plugins resolved requirement=[]
May-14 17:21:46.380 [main] DEBUG n.secret.LocalSecretsProvider - Secrets store: /Users/srikanth/.nextflow/secrets/store.json
May-14 17:21:46.383 [main] DEBUG nextflow.secret.SecretsLoader - Discovered secrets providers: [nextflow.secret.LocalSecretsProvider@24361cfc] - activable => nextflow.secret.LocalSecretsProvider@24361cfc
May-14 17:21:46.429 [main] DEBUG nextflow.Session - Session UUID: 118567cb-67df-46d3-8bd2-845a5f48fd3c
May-14 17:21:46.429 [main] DEBUG nextflow.Session - Run name: sick_descartes
May-14 17:21:46.430 [main] DEBUG nextflow.Session - Executor pool size: 8
May-14 17:21:46.435 [main] DEBUG nextflow.file.FilePorter - File porter settings maxRetries=3; maxTransfers=50; pollTimeout=null
May-14 17:21:46.442 [main] DEBUG nextflow.util.ThreadPoolBuilder - Creating thread pool 'FileTransfer' minSize=10; maxSize=24; workQueue=LinkedBlockingQueue[10000]; allowCoreThreadTimeout=false
May-14 17:21:46.594 [main] DEBUG nextflow.cli.CmdRun - 
  Version: 23.10.1 build 5891
  Created: 12-01-2024 22:01 UTC (13-01-2024 03:31 IDT)
  System: Mac OS X 14.3.1
  Runtime: Groovy 3.0.19 on OpenJDK 64-Bit Server VM 11.0.13+7-b1751.21
  Encoding: UTF-8 (UTF-8)
  Process: 11388@Srikanths-MacBook-Air.local [127.0.0.1]
  CPUs: 8 - Mem: 8 GB (64.4 MB) - Swap: 2 GB (1.4 GB)
May-14 17:21:46.605 [main] DEBUG nextflow.Session - Work-dir: /Users/srikanth/data/scripts/nextflow/bwa-nextflow/work [Mac OS X]
May-14 17:21:46.605 [main] DEBUG nextflow.Session - Script base path does not exist or is not a directory: /Users/srikanth/data/scripts/nextflow/bwa-nextflow/bin
May-14 17:21:46.611 [main] DEBUG nextflow.executor.ExecutorFactory - Extension executors providers=[]
May-14 17:21:46.617 [main] DEBUG nextflow.Session - Observer factory: DefaultObserverFactory
May-14 17:21:46.628 [main] DEBUG nextflow.cache.CacheFactory - Using Nextflow cache factory: nextflow.cache.DefaultCacheFactory
May-14 17:21:46.635 [main] DEBUG nextflow.util.CustomThreadPool - Creating default thread pool > poolSize: 9; maxThreads: 1000
May-14 17:21:46.674 [main] DEBUG nextflow.Session - Session start
May-14 17:21:46.995 [main] DEBUG nextflow.script.ScriptRunner - > Launching execution
May-14 17:21:47.063 [main] DEBUG nextflow.executor.ExecutorFactory - << taskConfig executor: null
May-14 17:21:47.063 [main] DEBUG nextflow.executor.ExecutorFactory - >> processorType: 'local'
May-14 17:21:47.066 [main] DEBUG nextflow.executor.Executor - [warm up] executor > local
May-14 17:21:47.069 [main] DEBUG n.processor.LocalPollingMonitor - Creating local task monitor for executor 'local' > cpus=8; memory=8 GB; capacity=8; pollInterval=100ms; dumpInterval=5m
May-14 17:21:47.070 [main] DEBUG n.processor.TaskPollingMonitor - >>> barrier register (monitor: local)
May-14 17:21:47.118 [main] DEBUG nextflow.Session - Workflow process names [dsl2]: index
May-14 17:21:47.118 [main] DEBUG nextflow.Session - Igniting dataflow network (2)
May-14 17:21:47.122 [main] DEBUG nextflow.processor.TaskProcessor - Starting process > index
May-14 17:21:47.123 [main] DEBUG nextflow.script.ScriptRunner - Parsed script files:
  Script_f7c35cf2288952a4: /Users/srikanth/data/scripts/nextflow/bwa-nextflow/script1.nf
May-14 17:21:47.123 [main] DEBUG nextflow.script.ScriptRunner - > Awaiting termination 
May-14 17:21:47.123 [main] DEBUG nextflow.Session - Session await
May-14 17:21:47.193 [Task submitter] DEBUG n.executor.local.LocalTaskHandler - Launch cmd line: /bin/bash -ue .command.run
May-14 17:21:47.194 [Task submitter] INFO  nextflow.Session - [35/cd590f] Submitted process > index (1)
May-14 17:21:48.374 [Task monitor] DEBUG n.processor.TaskPollingMonitor - Task completed > TaskHandler[id: 1; name: index (1); status: COMPLETED; exit: 0; error: -; workDir: /Users/srikanth/data/scripts/nextflow/bwa-nextflow/work/35/cd590f8ad8e70fb8e1079ff7555171]
May-14 17:21:48.399 [Task monitor] DEBUG nextflow.util.ThreadPoolBuilder - Creating thread pool 'PublishDir' minSize=10; maxSize=24; workQueue=LinkedBlockingQueue[10000]; allowCoreThreadTimeout=false
May-14 17:21:48.404 [main] DEBUG nextflow.Session - Session await > all processes finished
May-14 17:21:48.478 [Task monitor] DEBUG n.processor.TaskPollingMonitor - <<< barrier arrives (monitor: local) - terminating tasks monitor poll loop
May-14 17:21:48.478 [main] DEBUG nextflow.Session - Session await > all barriers passed
May-14 17:21:48.480 [main] DEBUG nextflow.util.ThreadPoolManager - Thread pool 'PublishDir' shutdown completed (hard=false)
May-14 17:21:48.483 [main] DEBUG n.trace.WorkflowStatsObserver - Workflow completed > WorkflowStats[succeededCount=1; failedCount=0; ignoredCount=0; cachedCount=0; pendingCount=0; submittedCount=0; runningCount=0; retriesCount=0; abortedCount=0; succeedDuration=1.1s; failedDuration=0ms; cachedDuration=0ms;loadCpus=0; loadMemory=0; peakRunning=1; peakCpus=1; peakMemory=0; ]
May-14 17:21:48.559 [main] DEBUG nextflow.cache.CacheDB - Closing CacheDB done
May-14 17:21:48.568 [main] DEBUG nextflow.util.ThreadPoolManager - Thread pool 'FileTransfer' shutdown completed (hard=false)
May-14 17:21:48.569 [main] DEBUG nextflow.script.ScriptRunner - > Execution complete -- Goodbye
